<?xml version="1.0" encoding="UTF-8"?>
<!-- Generated by org.testng.reporters.JUnitXMLReporter -->
<testsuite ignored="0" hostname="MAYUR" failures="0" tests="3" name="Test" time="0.041" errors="0" timestamp="2023-08-30T00:48:59 IST">
  <testcase classname="LearnTestng.DependsOnGroup" name="testCase1" time="0.009"/>
  <testcase classname="LearnTestng.DependsOnGroup" name="testCase2" time="0.001"/>
  <testcase classname="LearnTestng.DependsOnGroup" name="testCase3" time="0.001"/>
</testsuite> <!-- Test -->
