<?xml version="1.0" encoding="UTF-8"?>
<!-- Generated by org.testng.reporters.JUnitXMLReporter -->
<testsuite ignored="2" hostname="MAYUR" failures="0" tests="2" name="IntegrationTesting" time="0.044" errors="0" timestamp="2023-08-27T01:54:08 IST">
  <testcase classname="LearnTestng.ClassC" name="testF" time="0.01"/>
  <testcase classname="LearnTestng.ClassC" name="testH" time="0.002"/>
  <testcase classname="LearnTestng.ClassC" name="testG" time="0.0">
    <ignored/>
  </testcase> <!-- testG -->
  <testcase classname="LearnTestng.ClassC" name="testE" time="0.0">
    <ignored/>
  </testcase> <!-- testE -->
</testsuite> <!-- IntegrationTesting -->
