<?xml version="1.0" encoding="UTF-8"?>
<testng-results ignored="0" total="3" passed="3" failed="0" skipped="0">
  <reporter-output>
  </reporter-output>
  <suite started-at="2023-08-30T00:48:59 IST" name="Suite" finished-at="2023-08-30T00:48:59 IST" duration-ms="41">
    <groups>
      <group name="functional">
        <method signature="DependsOnGroup.testCase1()[pri:0, instance:LearnTestng.DependsOnGroup@1d9b7cce]" name="testCase1" class="LearnTestng.DependsOnGroup"/>
        <method signature="DependsOnGroup.testCase2()[pri:0, instance:LearnTestng.DependsOnGroup@1d9b7cce]" name="testCase2" class="LearnTestng.DependsOnGroup"/>
      </group> <!-- functional -->
      <group name="integration">
        <method signature="DependsOnGroup.testCase3()[pri:0, instance:LearnTestng.DependsOnGroup@1d9b7cce]" name="testCase3" class="LearnTestng.DependsOnGroup"/>
      </group> <!-- integration -->
    </groups>
    <test started-at="2023-08-30T00:48:59 IST" name="Test" finished-at="2023-08-30T00:48:59 IST" duration-ms="41">
      <class name="LearnTestng.DependsOnGroup">
        <test-method signature="testCase1()[pri:0, instance:LearnTestng.DependsOnGroup@1d9b7cce]" started-at="2023-08-30T00:48:59 IST" name="testCase1" finished-at="2023-08-30T00:48:59 IST" duration-ms="9" status="PASS">
          <reporter-output>
          </reporter-output>
        </test-method> <!-- testCase1 -->
        <test-method signature="testCase2()[pri:0, instance:LearnTestng.DependsOnGroup@1d9b7cce]" started-at="2023-08-30T00:48:59 IST" name="testCase2" finished-at="2023-08-30T00:48:59 IST" duration-ms="1" status="PASS">
          <reporter-output>
          </reporter-output>
        </test-method> <!-- testCase2 -->
        <test-method signature="testCase3()[pri:0, instance:LearnTestng.DependsOnGroup@1d9b7cce]" started-at="2023-08-30T00:48:59 IST" name="testCase3" depends-on-groups="functional" finished-at="2023-08-30T00:48:59 IST" duration-ms="1" status="PASS">
          <reporter-output>
          </reporter-output>
        </test-method> <!-- testCase3 -->
      </class> <!-- LearnTestng.DependsOnGroup -->
    </test> <!-- Test -->
  </suite> <!-- Suite -->
</testng-results>
